<?xml version="1.0" encoding="UTF-8"?>
<!-- Generated by org.testng.reporters.JUnitXMLReporter -->
<testsuite hostname="admin-PC" ignored="1" name="Smoke test" tests="2" failures="0" timestamp="05 Mar 2019 10:15:31 GMT" time="10.169" errors="0">
  <testcase name="loginWithEmailTest" time="10.042" classname="MyScripts.AuthenticationTest"/>
  <testcase name="addOrganizationTest" time="0.101" classname="MyScripts.masterUserPackage.OrganizationTests"/>
  <testcase name="loginWithMobileTest" time="0.0" classname="MyScripts.AuthenticationTest">
    <ignored/>
  </testcase> <!-- loginWithMobileTest -->
</testsuite> <!-- Smoke test -->
