<?xml version="1.0" encoding="UTF-8"?>
<!-- Generated by org.testng.reporters.JUnitXMLReporter -->
<testsuite hostname="admin-PC" ignored="3" name="Smoke test" tests="2" failures="0" timestamp="06 Mar 2019 09:24:50 GMT" time="11.137" errors="0">
  <testcase name="loginWithEmailTest" time="10.984" classname="MyScripts.authenticationPackage.AuthenticationTest"/>
  <testcase name="addOrganizationTest" time="0.104" classname="MyScripts.masterUserPackage.OrganizationTests"/>
  <testcase name="filterOrganization" time="0.0" classname="MyScripts.masterUserPackage.OrganizationTests">
    <ignored/>
  </testcase> <!-- filterOrganization -->
  <testcase name="searchOrganization" time="0.0" classname="MyScripts.masterUserPackage.OrganizationTests">
    <ignored/>
  </testcase> <!-- searchOrganization -->
  <testcase name="loginWithMobileTest" time="0.0" classname="MyScripts.authenticationPackage.AuthenticationTest">
    <ignored/>
  </testcase> <!-- loginWithMobileTest -->
</testsuite> <!-- Smoke test -->
